2019-02-23 18:22:22 程序启动
2019-02-23 18:22:22 日志文件(D:\GitHub\MyDll\SpEyeCOM\SpEyeCOM\bin\Debug\CameraBarcode\log\barcode_20190223182222.log)
2019-02-23 18:22:22 获取软件设置开始
2019-02-23 18:22:22 图片缓存文件夹(D:\GitHub\MyDll\SpEyeCOM\SpEyeCOM\bin\Debug\CameraBarcode\bmp)
2019-02-23 18:22:22 串口端口号(COM101)
2019-02-23 18:22:22 串口(COM101)波特率(9600)
2019-02-23 18:22:22 串口(COM101)奇偶校验(N)
2019-02-23 18:22:22 串口(COM101)数据位(8)
2019-02-23 18:22:22 串口(COM101)止位(0)
2019-02-23 18:22:22 串口(COM101)开始码(0)
2019-02-23 18:22:22 获取软件设置结束
2019-02-23 18:22:22 摄像头和串口加载开始
2019-02-23 18:22:22 摄像头加载成功
2019-02-23 18:22:22 串口(COM101)加载成功
2019-02-23 18:22:22 摄像头和串口加载结束
2019-02-23 18:22:26 读串口(COM101)读取数据(48)
2019-02-23 18:22:26 读串口(COM101)读取扫描指令(0)，进行解码
2019-02-23 18:22:26 解码成功(00285240302L0011M0)
2019-02-23 18:22:31 读串口(COM101)读取数据(48)
2019-02-23 18:22:31 读串口(COM101)读取扫描指令(0)，进行解码
2019-02-23 18:22:31 解码成功(00285240302L0011M0)
2019-02-23 18:22:31 读串口(COM101)读取数据(48)
2019-02-23 18:22:31 读串口(COM101)读取扫描指令(0)，进行解码
2019-02-23 18:22:32 解码成功(00285240302L0011M0)
2019-02-23 18:22:32 读串口(COM101)读取数据(48)
2019-02-23 18:22:32 读串口(COM101)读取扫描指令(0)，进行解码
2019-02-23 18:22:32 解码成功(00285240302L0011M0)
2019-02-23 18:22:33 读串口(COM101)读取数据(48)
2019-02-23 18:22:33 读串口(COM101)读取扫描指令(0)，进行解码
2019-02-23 18:22:33 解码成功(00285240302L0011M0)
2019-02-23 18:22:33 读串口(COM101)读取数据(48)
2019-02-23 18:22:33 读串口(COM101)读取扫描指令(0)，进行解码
2019-02-23 18:22:33 解码成功(00285240302L0011M0)
2019-02-23 18:22:33 读串口(COM101)读取数据(48)
2019-02-23 18:22:33 读串口(COM101)读取扫描指令(0)，进行解码
2019-02-23 18:22:33 解码成功(00285240302L0011M0)
2019-02-23 18:22:33 读串口(COM101)读取数据(48)
2019-02-23 18:22:33 读串口(COM101)读取扫描指令(0)，进行解码
2019-02-23 18:22:33 解码成功(00285240302L0011M0)
2019-02-23 18:22:34 读串口(COM101)读取数据(48)
2019-02-23 18:22:34 读串口(COM101)读取扫描指令(0)，进行解码
2019-02-23 18:22:34 解码成功(00285240302L0011M0)
2019-02-23 18:22:37 程序退出
