2019-02-23 18:22:12 程序启动
2019-02-23 18:22:12 日志文件(D:\GitHub\MyDll\SpEyeCOM\SpEyeCOM\bin\Debug\CameraBarcode\log\barcode_20190223182212.log)
2019-02-23 18:22:12 获取软件设置开始
2019-02-23 18:22:12 图片缓存文件夹(D:\GitHub\MyDll\SpEyeCOM\SpEyeCOM\bin\Debug\CameraBarcode\bmp)
2019-02-23 18:22:12 串口端口号(COM201)
2019-02-23 18:22:12 串口(COM201)波特率(9600)
2019-02-23 18:22:12 串口(COM201)奇偶校验(N)
2019-02-23 18:22:12 串口(COM201)数据位(8)
2019-02-23 18:22:12 串口(COM201)止位(0)
2019-02-23 18:22:12 串口(COM201)开始码(0)
2019-02-23 18:22:12 获取软件设置结束
2019-02-23 18:22:12 摄像头和串口加载开始
2019-02-23 18:22:12 摄像头加载成功
2019-02-23 18:22:12 串口(COM201)加载失败，自动识别功能无效
2019-02-23 18:22:12 摄像头和串口加载结束
2019-02-23 18:22:18 串口(COM101)设置
2019-02-23 18:22:18 串口(COM101)设置 波特率(9600)
2019-02-23 18:22:18 串口(COM101)设置 奇偶校验(N)
2019-02-23 18:22:18 串口(COM101)设置 数据位(8)
2019-02-23 18:22:18 串口(COM101)设置 停止位(0)
2019-02-23 18:22:18 串口(COM101)设置 开始码(0)
2019-02-23 18:22:18 二维码设置 二维码位数(18)
2019-02-23 18:22:18 数据设置 截图保存路径(D:\GitHub\MyDll\SpEyeCOM\SpEyeCOM\bin\Debug\CameraBarcode\bmp)
2019-02-23 18:22:18 数据设置 日志保存路径(D:\GitHub\MyDll\SpEyeCOM\SpEyeCOM\bin\Debug\CameraBarcode\log)
2019-02-23 18:22:20 程序退出
